<?xml version="1.0" encoding="UTF-8"?>
<!-- Generated by org.testng.reporters.JUnitXMLReporter -->
<testsuite hostname="DESKTOP-MQGQOGA" ignored="0" name="Test" tests="5" failures="0" timestamp="03 Oct 2020 03:39:40 GMT" time="29.904" errors="0">
  <testcase name="validateAppNavBar" time="0.361" classname="com.qatesting.testscenarios.validateNavigationBar"/>
  <testcase name="validateAppTitle" time="0.213" classname="com.qatesting.testscenarios.validateTitle"/>
  <testcase name="validateHeader" time="0.043" classname="com.qatesting.testscenarios.validateTitle"/>
  <testcase name="basePageNavigation" time="5.844" classname="com.qatesting.testscenarios.HomePage"/>
  <testcase name="basePageNavigation" time="3.288" classname="com.qatesting.testscenarios.HomePage"/>
</testsuite> <!-- Test -->
