<?xml version="1.0" encoding="UTF-8"?>
<!-- Generated by org.testng.reporters.JUnitXMLReporter -->
<testsuite hostname="DESKTOP-MQGQOGA" ignored="0" name="Validating title in the Page" tests="2" failures="0" timestamp="03 Oct 2020 03:31:49 GMT" time="8.687" errors="0">
  <testcase name="validateAppTitle" time="0.247" classname="com.qatesting.testscenarios.validateTitle"/>
  <testcase name="validateHeader" time="0.126" classname="com.qatesting.testscenarios.validateTitle"/>
</testsuite> <!-- Validating title in the Page -->
