<?xml version="1.0" encoding="UTF-8"?>
<testng-results skipped="0" failed="0" ignored="0" total="5" passed="5">
  <reporter-output>
  </reporter-output>
  <suite name="Suite" duration-ms="29904" started-at="2020-10-03T03:39:10Z" finished-at="2020-10-03T03:39:40Z">
    <groups>
    </groups>
    <test name="Test" duration-ms="29904" started-at="2020-10-03T03:39:10Z" finished-at="2020-10-03T03:39:40Z">
      <class name="com.qatesting.testscenarios.HomePage">
        <test-method status="PASS" signature="initialize()[pri:0, instance:com.qatesting.testscenarios.HomePage@4c178a76]" name="initialize" is-config="true" duration-ms="4353" started-at="2020-10-03T03:39:10Z" finished-at="2020-10-03T03:39:14Z">
          <reporter-output>
          </reporter-output>
        </test-method> <!-- initialize -->
        <test-method status="PASS" signature="initialize()[pri:0, instance:com.qatesting.testscenarios.validateNavigationBar@2362f559]" name="initialize" is-config="true" duration-ms="6556" started-at="2020-10-03T03:39:14Z" finished-at="2020-10-03T03:39:21Z">
          <reporter-output>
          </reporter-output>
        </test-method> <!-- initialize -->
        <test-method status="PASS" signature="initialize()[pri:0, instance:com.qatesting.testscenarios.validateTitle@b2c9a9c]" name="initialize" is-config="true" duration-ms="6967" started-at="2020-10-03T03:39:21Z" finished-at="2020-10-03T03:39:28Z">
          <reporter-output>
          </reporter-output>
        </test-method> <!-- initialize -->
        <test-method status="PASS" signature="basePageNavigation(java.lang.String, java.lang.String, java.lang.String)[pri:0, instance:com.qatesting.testscenarios.HomePage@4c178a76]" name="basePageNavigation" duration-ms="5844" started-at="2020-10-03T03:39:30Z" data-provider="getData" finished-at="2020-10-03T03:39:36Z">
          <params>
            <param index="0">
              <value>
                <![CDATA[nonrestricteduser@qw.com]]>
              </value>
            </param>
            <param index="1">
              <value>
                <![CDATA[123456]]>
              </value>
            </param>
            <param index="2">
              <value>
                <![CDATA[Restrcited User]]>
              </value>
            </param>
          </params>
          <reporter-output>
          </reporter-output>
        </test-method> <!-- basePageNavigation -->
        <test-method status="PASS" signature="basePageNavigation(java.lang.String, java.lang.String, java.lang.String)[pri:0, instance:com.qatesting.testscenarios.HomePage@4c178a76]" name="basePageNavigation" duration-ms="3288" started-at="2020-10-03T03:39:36Z" data-provider="getData" finished-at="2020-10-03T03:39:39Z">
          <params>
            <param index="0">
              <value>
                <![CDATA[restricteduser@qw.com]]>
              </value>
            </param>
            <param index="1">
              <value>
                <![CDATA[456788]]>
              </value>
            </param>
            <param index="2">
              <value>
                <![CDATA[Non restricted user]]>
              </value>
            </param>
          </params>
          <reporter-output>
          </reporter-output>
        </test-method> <!-- basePageNavigation -->
        <test-method status="PASS" signature="teardown()[pri:0, instance:com.qatesting.testscenarios.HomePage@4c178a76]" name="teardown" is-config="true" duration-ms="703" started-at="2020-10-03T03:39:39Z" finished-at="2020-10-03T03:39:40Z">
          <reporter-output>
          </reporter-output>
        </test-method> <!-- teardown -->
      </class> <!-- com.qatesting.testscenarios.HomePage -->
      <class name="com.qatesting.testscenarios.validateNavigationBar">
        <test-method status="PASS" signature="validateAppNavBar()[pri:0, instance:com.qatesting.testscenarios.validateNavigationBar@2362f559]" name="validateAppNavBar" duration-ms="361" started-at="2020-10-03T03:39:28Z" finished-at="2020-10-03T03:39:28Z">
          <reporter-output>
          </reporter-output>
        </test-method> <!-- validateAppNavBar -->
        <test-method status="PASS" signature="teardown()[pri:0, instance:com.qatesting.testscenarios.validateNavigationBar@2362f559]" name="teardown" is-config="true" duration-ms="812" started-at="2020-10-03T03:39:28Z" finished-at="2020-10-03T03:39:29Z">
          <reporter-output>
          </reporter-output>
        </test-method> <!-- teardown -->
      </class> <!-- com.qatesting.testscenarios.validateNavigationBar -->
      <class name="com.qatesting.testscenarios.validateTitle">
        <test-method status="PASS" signature="validateAppTitle()[pri:0, instance:com.qatesting.testscenarios.validateTitle@b2c9a9c]" name="validateAppTitle" duration-ms="213" started-at="2020-10-03T03:39:29Z" finished-at="2020-10-03T03:39:29Z">
          <reporter-output>
          </reporter-output>
        </test-method> <!-- validateAppTitle -->
        <test-method status="PASS" signature="validateHeader()[pri:0, instance:com.qatesting.testscenarios.validateTitle@b2c9a9c]" name="validateHeader" duration-ms="43" started-at="2020-10-03T03:39:29Z" finished-at="2020-10-03T03:39:29Z">
          <reporter-output>
          </reporter-output>
        </test-method> <!-- validateHeader -->
        <test-method status="PASS" signature="teardown()[pri:0, instance:com.qatesting.testscenarios.validateTitle@b2c9a9c]" name="teardown" is-config="true" duration-ms="705" started-at="2020-10-03T03:39:29Z" finished-at="2020-10-03T03:39:30Z">
          <reporter-output>
          </reporter-output>
        </test-method> <!-- teardown -->
      </class> <!-- com.qatesting.testscenarios.validateTitle -->
    </test> <!-- Test -->
  </suite> <!-- Suite -->
</testng-results>
